02-05 22:40:19 com_github_MitjaNemec_PlaceFootprints.action_place_footprints 647:Plugin executed on: 'win32'
02-05 22:40:19 com_github_MitjaNemec_PlaceFootprints.action_place_footprints 648:Plugin executed with python version: '3.11.5 (main, Nov  3 2024, 06:58:22) [MSC v.1939 64 bit (AMD64)]'
02-05 22:40:19 com_github_MitjaNemec_PlaceFootprints.action_place_footprints 649:KiCad build version: 8.0.7
02-05 22:40:19 com_github_MitjaNemec_PlaceFootprints.action_place_footprints 650:Plugin version: 3.0.0
02-05 22:40:19 com_github_MitjaNemec_PlaceFootprints.action_place_footprints 651:Frame repr: <wx._core.Frame object at 0x00000200838BC790>
02-05 22:40:19 com_github_MitjaNemec_PlaceFootprints.place_footprints 121:getting a list of all footprints on board
02-05 22:40:19 com_github_MitjaNemec_PlaceFootprints.place_footprints 156:Footprint RESET1 on root level
02-05 22:40:19 com_github_MitjaNemec_PlaceFootprints.place_footprints 156:Footprint J2 on root level
02-05 22:40:19 com_github_MitjaNemec_PlaceFootprints.place_footprints 156:Footprint H1 on root level
02-05 22:40:19 com_github_MitjaNemec_PlaceFootprints.place_footprints 156:Footprint BOOT1 on root level
02-05 22:40:19 com_github_MitjaNemec_PlaceFootprints.place_footprints 156:Footprint H3 on root level
02-05 22:40:19 com_github_MitjaNemec_PlaceFootprints.place_footprints 156:Footprint H2 on root level
02-05 22:40:19 com_github_MitjaNemec_PlaceFootprints.place_footprints 156:Footprint BT1 on root level
02-05 22:40:19 com_github_MitjaNemec_PlaceFootprints.place_footprints 156:Footprint H4 on root level
02-05 22:40:19 com_github_MitjaNemec_PlaceFootprints.place_footprints 156:Footprint C2 on root level
02-05 22:40:19 com_github_MitjaNemec_PlaceFootprints.place_footprints 156:Footprint R15 on root level
02-05 22:40:19 com_github_MitjaNemec_PlaceFootprints.place_footprints 156:Footprint R18 on root level
02-05 22:40:19 com_github_MitjaNemec_PlaceFootprints.place_footprints 156:Footprint R2 on root level
02-05 22:40:19 com_github_MitjaNemec_PlaceFootprints.place_footprints 156:Footprint R9 on root level
02-05 22:40:19 com_github_MitjaNemec_PlaceFootprints.place_footprints 156:Footprint R3 on root level
02-05 22:40:19 com_github_MitjaNemec_PlaceFootprints.place_footprints 156:Footprint C5 on root level
02-05 22:40:19 com_github_MitjaNemec_PlaceFootprints.place_footprints 156:Footprint R14 on root level
02-05 22:40:19 com_github_MitjaNemec_PlaceFootprints.place_footprints 156:Footprint R4 on root level
02-05 22:40:19 com_github_MitjaNemec_PlaceFootprints.place_footprints 156:Footprint SD1 on root level
02-05 22:40:19 com_github_MitjaNemec_PlaceFootprints.place_footprints 156:Footprint SD3 on root level
02-05 22:40:19 com_github_MitjaNemec_PlaceFootprints.place_footprints 156:Footprint R19 on root level
02-05 22:40:19 com_github_MitjaNemec_PlaceFootprints.place_footprints 156:Footprint C8 on root level
02-05 22:40:19 com_github_MitjaNemec_PlaceFootprints.place_footprints 156:Footprint C7 on root level
02-05 22:40:19 com_github_MitjaNemec_PlaceFootprints.place_footprints 156:Footprint D6 on root level
02-05 22:40:19 com_github_MitjaNemec_PlaceFootprints.place_footprints 156:Footprint R10 on root level
02-05 22:40:19 com_github_MitjaNemec_PlaceFootprints.place_footprints 156:Footprint SD4 on root level
02-05 22:40:19 com_github_MitjaNemec_PlaceFootprints.place_footprints 156:Footprint U3 on root level
02-05 22:40:19 com_github_MitjaNemec_PlaceFootprints.place_footprints 156:Footprint D1 on root level
02-05 22:40:19 com_github_MitjaNemec_PlaceFootprints.place_footprints 156:Footprint R6 on root level
02-05 22:40:19 com_github_MitjaNemec_PlaceFootprints.place_footprints 156:Footprint L1 on root level
02-05 22:40:19 com_github_MitjaNemec_PlaceFootprints.place_footprints 156:Footprint R5 on root level
02-05 22:40:19 com_github_MitjaNemec_PlaceFootprints.place_footprints 156:Footprint R8 on root level
02-05 22:40:19 com_github_MitjaNemec_PlaceFootprints.place_footprints 156:Footprint Q1 on root level
02-05 22:40:19 com_github_MitjaNemec_PlaceFootprints.place_footprints 156:Footprint R12 on root level
02-05 22:40:19 com_github_MitjaNemec_PlaceFootprints.place_footprints 156:Footprint R20 on root level
02-05 22:40:19 com_github_MitjaNemec_PlaceFootprints.place_footprints 156:Footprint C3 on root level
02-05 22:40:19 com_github_MitjaNemec_PlaceFootprints.place_footprints 156:Footprint C6 on root level
02-05 22:40:19 com_github_MitjaNemec_PlaceFootprints.place_footprints 156:Footprint SD2 on root level
02-05 22:40:19 com_github_MitjaNemec_PlaceFootprints.place_footprints 156:Footprint R21 on root level
02-05 22:40:19 com_github_MitjaNemec_PlaceFootprints.place_footprints 156:Footprint SD5 on root level
02-05 22:40:19 com_github_MitjaNemec_PlaceFootprints.place_footprints 156:Footprint C4 on root level
02-05 22:40:19 com_github_MitjaNemec_PlaceFootprints.place_footprints 156:Footprint C1 on root level
02-05 22:40:19 com_github_MitjaNemec_PlaceFootprints.place_footprints 156:Footprint U1 on root level
02-05 22:40:19 com_github_MitjaNemec_PlaceFootprints.place_footprints 156:Footprint J3 on root level
02-05 22:40:19 com_github_MitjaNemec_PlaceFootprints.place_footprints 156:Footprint R13 on root level
02-05 22:40:19 com_github_MitjaNemec_PlaceFootprints.place_footprints 156:Footprint R1 on root level
02-05 22:40:19 com_github_MitjaNemec_PlaceFootprints.place_footprints 156:Footprint U2 on root level
02-05 22:40:19 com_github_MitjaNemec_PlaceFootprints.place_footprints 156:Footprint U4 on root level
02-05 22:40:19 com_github_MitjaNemec_PlaceFootprints.place_footprints 156:Footprint R11 on root level
02-05 22:40:19 com_github_MitjaNemec_PlaceFootprints.place_footprints 156:Footprint R7 on root level
02-05 22:40:20 com_github_MitjaNemec_PlaceFootprints.action_place_footprints 830:Reference designator is: H
02-05 22:40:20 com_github_MitjaNemec_PlaceFootprints.action_place_footprints 831:Reference number is: 1
02-05 22:40:20 com_github_MitjaNemec_PlaceFootprints.action_place_footprints 863:Sorted and filtered list:
['H1', 'H2', 'H3', 'H4']
02-05 22:40:21 com_github_MitjaNemec_PlaceFootprints.action_place_footprints 359:wx.Colour(240, 240, 240, 255)
02-05 22:40:27 com_github_MitjaNemec_PlaceFootprints.action_place_footprints 490:'78'
02-05 22:40:27 com_github_MitjaNemec_PlaceFootprints.action_place_footprints 549:Preparing config for reference matrix
02-05 22:40:27 com_github_MitjaNemec_PlaceFootprints.action_place_footprints 556:Saving config file
02-05 22:40:27 com_github_MitjaNemec_PlaceFootprints.action_place_footprints 558:Saved the config file
02-05 22:40:27 com_github_MitjaNemec_PlaceFootprints.action_place_footprints 901:Footprints to place:
['H1', 'H2', 'H3', 'H4']
02-05 22:40:27 com_github_MitjaNemec_PlaceFootprints.place_footprints 398:Starting placing with matrix layout
02-05 22:40:27 com_github_MitjaNemec_PlaceFootprints.action_place_footprints 971:Placing complete
